<testsuite failures="0" name="services/A_API/google/search.feature" skipped="0" tests="4" time="8.479913">
  <testcase classname="services.A_API.google.search" name="This is to test search api for Charlotte" time="2.161537">
    <system-out>* def myHeaders = read('classpath:services/A_API/google/Authorization/header.json') . passed
Given url 'https://www.googleapis.com/customsearch/v1?cx=017576662512468239146:omuauf_lfve&amp;q=Charlotte' . passed
And param key = myHeaders.key ............................................. passed
When method GET ........................................................... passed
Then status 200 ........................................................... passed
* print response .......................................................... passed</system-out>
  </testcase>
  <testcase classname="services.A_API.google.search" name="This is to test search api for Richard" time="2.112987">
    <system-out>* def myHeaders = read('classpath:services/A_API/google/Authorization/header.json') . passed
Given url 'https://www.googleapis.com/customsearch/v1?cx=017576662512468239146:omuauf_lfve&amp;q=Charlotte' . passed
And param key = myHeaders.key ............................................. passed
When method GET ........................................................... passed
Then status 200 ........................................................... passed
* print response .......................................................... passed
* def myHeaders = read('classpath:services/A_API/google/Authorization/header.json') . passed
Given url 'https://www.googleapis.com/customsearch/v1?cx=017576662512468239146:omuauf_lfve&amp;q=Richard' . passed
And param key = myHeaders.key ............................................. passed
When method GET ........................................................... passed
Then status 200 ........................................................... passed
* print response .......................................................... passed</system-out>
  </testcase>
  <testcase classname="services.A_API.google.search" name="This is to test search api for Harieth" time="2.138252">
    <system-out>* def myHeaders = read('classpath:services/A_API/google/Authorization/header.json') . passed
Given url 'https://www.googleapis.com/customsearch/v1?cx=017576662512468239146:omuauf_lfve&amp;q=Charlotte' . passed
And param key = myHeaders.key ............................................. passed
When method GET ........................................................... passed
Then status 200 ........................................................... passed
* print response .......................................................... passed
* def myHeaders = read('classpath:services/A_API/google/Authorization/header.json') . passed
Given url 'https://www.googleapis.com/customsearch/v1?cx=017576662512468239146:omuauf_lfve&amp;q=Richard' . passed
And param key = myHeaders.key ............................................. passed
When method GET ........................................................... passed
Then status 200 ........................................................... passed
* print response .......................................................... passed
* def myHeaders = read('classpath:services/A_API/google/Authorization/header.json') . passed
Given url 'https://www.googleapis.com/customsearch/v1?cx=017576662512468239146:omuauf_lfve&amp;q=Harieth' . passed
And param key = myHeaders.key ............................................. passed
When method GET ........................................................... passed
Then status 200 ........................................................... passed
* print response .......................................................... passed</system-out>
  </testcase>
  <testcase classname="services.A_API.google.search" name="This is to test search api for Tyrah" time="2.067136">
    <system-out>* def myHeaders = read('classpath:services/A_API/google/Authorization/header.json') . passed
Given url 'https://www.googleapis.com/customsearch/v1?cx=017576662512468239146:omuauf_lfve&amp;q=Charlotte' . passed
And param key = myHeaders.key ............................................. passed
When method GET ........................................................... passed
Then status 200 ........................................................... passed
* print response .......................................................... passed
* def myHeaders = read('classpath:services/A_API/google/Authorization/header.json') . passed
Given url 'https://www.googleapis.com/customsearch/v1?cx=017576662512468239146:omuauf_lfve&amp;q=Richard' . passed
And param key = myHeaders.key ............................................. passed
When method GET ........................................................... passed
Then status 200 ........................................................... passed
* print response .......................................................... passed
* def myHeaders = read('classpath:services/A_API/google/Authorization/header.json') . passed
Given url 'https://www.googleapis.com/customsearch/v1?cx=017576662512468239146:omuauf_lfve&amp;q=Harieth' . passed
And param key = myHeaders.key ............................................. passed
When method GET ........................................................... passed
Then status 200 ........................................................... passed
* print response .......................................................... passed
* def myHeaders = read('classpath:services/A_API/google/Authorization/header.json') . passed
Given url 'https://www.googleapis.com/customsearch/v1?cx=017576662512468239146:omuauf_lfve&amp;q=Tyrah' . passed
And param key = myHeaders.key ............................................. passed
When method GET ........................................................... passed
Then status 200 ........................................................... passed
* print response .......................................................... passed</system-out>
  </testcase>
</testsuite>
